
> at-tech-global@0.1.0 build
> next build

   Γû▓ Next.js 15.3.6
   - Experiments (use with caution):
     Γ£ô scrollRestoration

   Creating an optimized production build ...
 Γ£ô Compiled successfully in 15.0s
   Skipping linting
   Checking validity of types ...
node.exe : Failed to 
compile.
At C:\nvm4w\nodejs\npm.
ps1:16 char:5
+     & 
"$basedir/node$exe"  "$
basedir/node_modules/np
m/bin/npm-cli.js" ...
+     ~~~~~~~~~~~~~~~~~
~~~~~~~~~~~~~~~~~~~~~~~
~~~~~~~~~~~~~~~~~~~~~~~
~~
    + CategoryInfo     
         : NotSpecifi  
  ed: (Failed to com   
 pile.:String) [],     
RemoteException
    + FullyQualifiedEr 
   rorId : NativeComm  
  andError
 

./src/app/api/seo/files
/route.ts:3:10
Type error: Module 
'"@/lib/database"' has 
no exported member 
'PageMetadataRecord'.

[0m [90m 1 |[39m 
[36mimport[39m { [33
mNextRequest[39m[33m,
[39m 
[33mNextResponse[39m 
} [36mfrom[39m [32m'
next/server'[39m[0m
[0m [90m 2 |[39m 
[36mimport[39m { getA
llComponentFiles[33m,
[39m parseComponentMeta
data[33m,[39m updateC
omponentMetadata[33m,
[39m 
getComponentFilePath } 
[36mfrom[39m [32m'@/
lib/fileSeoUtils'[39m
[0m
[0m[31m[1m>[22m[39
m[90m 3 |[39m 
[36mimport[39m { [33
mPageMetadataRecord[39
m } [36mfrom[39m [32
m'@/lib/database'[39m
[0m
[0m [90m   |[39m    
      [31m[1m^[22m[
39m[0m
[0m [90m 4 |[39m[0m
[0m [90m 5 |[39m 
[36mexport[39m 
[36masync[39m 
[36mfunction[39m [33
mGET[39m(request[33m:
[39m 
[33mNextRequest[39m) 
{[0m
[0m [90m 6 |[39m   
[36mtry[39m {[0m
Next.js build worker 
exited with code: 1 
and signal: null
